<?xml version="1.0" encoding="UTF-8"?>
<testsuite name="shop.retail.models.ModelTest" tests="2" skipped="0" failures="0" errors="0" timestamp="2017-06-27T02:59:35" hostname="Sangram-PC" time="0.067">
  <properties/>
  <testcase name="testShop" classname="shop.retail.models.ModelTest" time="0.056"/>
  <testcase name="testShopInMemoryArray" classname="shop.retail.models.ModelTest" time="0.007"/>
  <system-out><![CDATA[]]></system-out>
  <system-err><![CDATA[]]></system-err>
</testsuite>
