<?xml version="1.0" encoding="UTF-8"?>
<testsuite name="shop.retail.service.ShopLocatorTests" tests="3" skipped="0" failures="0" errors="0" timestamp="2017-06-27T02:59:35" hostname="Sangram-PC" time="2.53">
  <properties/>
  <testcase name="testSave" classname="shop.retail.service.ShopLocatorTests" time="1.132"/>
  <testcase name="testNearest" classname="shop.retail.service.ShopLocatorTests" time="0.367"/>
  <testcase name="testGeoApiResolver" classname="shop.retail.service.ShopLocatorTests" time="1.011"/>
  <system-out><![CDATA[]]></system-out>
  <system-err><![CDATA[]]></system-err>
</testsuite>
